Flutter crash report.
Please report a bug at https://github.com/flutter/flutter/issues.

## command

flutter --quiet assemble --no-version-check --depfile C:\projets\focus_wheel\android\app\build\intermediates\flutter\release/flutter_build.d --output C:\projets\focus_wheel\android\app\build\intermediates\flutter\release -dTargetFile=lib\main.dart -dTargetPlatform=android -dBuildMode=release -dTrackWidgetCreation=true -dTreeShakeIcons=true --DartDefines=RkxVVFRFUl9WRVJTSU9OPTMuMzIuMQ==,RkxVVFRFUl9DSEFOTkVMPXN0YWJsZQ==,RkxVVFRFUl9HSVRfVVJMPWh0dHBzOi8vZ2l0aHViLmNvbS9mbHV0dGVyL2ZsdXR0ZXIuZ2l0,RkxVVFRFUl9GUkFNRVdPUktfUkVWSVNJT049YjI1MzA1YTg4Mw==,RkxVVFRFUl9FTkdJTkVfUkVWSVNJT049MTQyNWU1ZTllYw==,RkxVVFRFUl9EQVJUX1ZFUlNJT049My44LjE= -dFlavor= -dAndroidArchs=android-arm android-arm64 android-x64 -dMinSdkVersion=33 android_aot_bundle_release_android-arm android_aot_bundle_release_android-arm64 android_aot_bundle_release_android-x64

## exception

FileSystemException: FileSystemException: Cannot resolve symbolic links, path = 'C:\projets\focus_wheel\.dart_tool\flutter_build\37606d5dd55c31cf61fa563f5f6628bc' (OS Error: Le chemin d’accès spécifié est introuvable.
, errno = 3)

```
#0      FileSystemEntity._throwIfError (dart:io/file_system_entity.dart:886:7)
#1      FileSystemEntity.resolveSymbolicLinksSync (dart:io/file_system_entity.dart:375:5)
#2      ForwardingFileSystemEntity.resolveSymbolicLinksSync (package:file/src/forwarding/forwarding_file_system_entity.dart:56:49)
#3      ForwardingFileSystemEntity.resolveSymbolicLinksSync (package:file/src/forwarding/forwarding_file_system_entity.dart:56:49)
#4      SourceVisitor.visitPattern (package:flutter_tools/src/build_system/source.dart:121:61)
#5      _PatternSource.accept (package:flutter_tools/src/build_system/source.dart:296:49)
#6      Target._resolveConfiguration (package:flutter_tools/src/build_system/build_system.dart:247:14)
#7      Target.resolveInputs (package:flutter_tools/src/build_system/build_system.dart:196:12)
#8      Target._toNode (package:flutter_tools/src/build_system/build_system.dart:160:39)
#9      Target._toNode (package:flutter_tools/src/build_system/build_system.dart:166:63)
#10     Target._toNode (package:flutter_tools/src/build_system/build_system.dart:166:63)
#11     FlutterBuildSystem.build (package:flutter_tools/src/build_system/build_system.dart:618:30)
#12     AssembleCommand.runCommand (package:flutter_tools/src/commands/assemble.dart:346:51)
#13     FlutterCommand.verifyThenRunCommand (package:flutter_tools/src/runner/flutter_command.dart:1909:12)
<asynchronous suspension>
#14     FlutterCommand.run.<anonymous closure> (package:flutter_tools/src/runner/flutter_command.dart:1563:27)
<asynchronous suspension>
#15     AppContext.run.<anonymous closure> (package:flutter_tools/src/base/context.dart:154:19)
<asynchronous suspension>
#16     CommandRunner.runCommand (package:args/command_runner.dart:212:13)
<asynchronous suspension>
#17     FlutterCommandRunner.runCommand.<anonymous closure> (package:flutter_tools/src/runner/flutter_command_runner.dart:494:9)
<asynchronous suspension>
#18     AppContext.run.<anonymous closure> (package:flutter_tools/src/base/context.dart:154:19)
<asynchronous suspension>
#19     FlutterCommandRunner.runCommand (package:flutter_tools/src/runner/flutter_command_runner.dart:431:5)
<asynchronous suspension>
#20     run.<anonymous closure>.<anonymous closure> (package:flutter_tools/runner.dart:98:11)
<asynchronous suspension>
#21     AppContext.run.<anonymous closure> (package:flutter_tools/src/base/context.dart:154:19)
<asynchronous suspension>
#22     main (package:flutter_tools/executable.dart:102:3)
<asynchronous suspension>
```

## flutter doctor

```
[✓] Flutter (Channel stable, 3.32.1, on Microsoft Windows [version 10.0.26100.4202], locale fr-BE) [1 254ms]
    • Flutter version 3.32.1 on channel stable at C:\tools\flutter
    • Upstream repository https://github.com/flutter/flutter.git
    • Framework revision b25305a883 (6 weeks ago), 2025-05-29 10:40:06 -0700
    • Engine revision 1425e5e9ec
    • Dart version 3.8.1
    • DevTools version 2.45.1

[✓] Windows Version (Windows 11 or higher, 24H2, 2009) [3,1s]

[✓] Android toolchain - develop for Android devices (Android SDK version 36.0.0) [8,0s]
    • Android SDK at C:\Users\quent\AppData\Local\Android\sdk
    • Platform android-36, build-tools 36.0.0
    • Java binary at: C:\Program Files\Android\Android Studio\jbr\bin\java
      This is the JDK bundled with the latest Android Studio installation on this machine.
      To manually set the JDK path, use: `flutter config --jdk-dir="path/to/jdk"`.
    • Java version OpenJDK Runtime Environment (build 21.0.6+-13391695-b895.109)
    • All Android licenses accepted.

[✓] Chrome - develop for the web [409ms]
    • Chrome at C:\Program Files\Google\Chrome\Application\chrome.exe

[✓] Visual Studio - develop Windows apps (Visual Studio Community 2022 17.14.8) [397ms]
    • Visual Studio at C:\Program Files\Microsoft Visual Studio\2022\Community
    • Visual Studio Community 2022 version 17.14.36301.6
    • Windows 10 SDK version 10.0.26100.0

[✓] Android Studio (version 2025.1.1) [26ms]
    • Android Studio at C:\Program Files\Android\Android Studio
    • Flutter plugin can be installed from:
      🔨 https://plugins.jetbrains.com/plugin/9212-flutter
    • Dart plugin can be installed from:
      🔨 https://plugins.jetbrains.com/plugin/6351-dart
    • android-studio-dir = C:\Program Files\Android\Android Studio
    • Java version OpenJDK Runtime Environment (build 21.0.6+-13391695-b895.109)

[✓] VS Code (version 1.101.1) [23ms]
    • VS Code at C:\Users\quent\AppData\Local\Programs\Microsoft VS Code
    • Flutter extension version 3.112.0

[✓] Connected device (3 available) [354ms]
    • Windows (desktop) • windows • windows-x64    • Microsoft Windows [version 10.0.26100.4202]
    • Chrome (web)      • chrome  • web-javascript • Google Chrome 137.0.7151.122
    • Edge (web)        • edge    • web-javascript • Microsoft Edge 136.0.3240.92

[✓] Network resources [828ms]
    • All expected network resources are available.

• No issues found!
```
